<?xml version="1.0" encoding="UTF-8"?>
<!-- Generated by org.testng.reporters.JUnitXMLReporter -->
<testsuite hostname="Karthick" name="t3" tests="1" failures="0" timestamp="5 Apr 2018 16:49:33 GMT" time="0.005" errors="0">
  <testcase name="@BeforeTest x1" time="0.0" classname="com.selenium.testng.basics.TestMultipleBrowserSamples">
    <failure type="java.lang.NullPointerException">
      <![CDATA[java.lang.NullPointerException
	at com.selenium.testng.basics.TestMultipleBrowserSamples.x1(TestMultipleBrowserSamples.java:26)
... Removed 22 stack frames]]>
    </failure>
  </testcase> <!-- @BeforeTest x1 -->
  <testcase name="@AfterTest y" time="0.0" classname="com.selenium.testng.basics.TestMultipleBrowserSamples">
    <skipped/>
  </testcase> <!-- @AfterTest y -->
  <testcase name="m1" time="0.001" classname="com.selenium.testng.basics.TestMultipleBrowserSamples">
    <skipped/>
  </testcase> <!-- m1 -->
</testsuite> <!-- t3 -->
