<?xml version="1.0" encoding="UTF-8"?>
<!-- Generated by org.testng.reporters.JUnitXMLReporter -->
<testsuite hostname="Karthick" name="to run groups" tests="2" failures="1" timestamp="3 Apr 2018 16:42:33 GMT" time="0.082" errors="0">
  <testcase name="TEST_01" time="0.032" classname="com.selenium.testng.basics.AnnotationSample">
    <failure type="java.lang.NullPointerException">
      <![CDATA[java.lang.NullPointerException
	at com.selenium.testng.basics.AnnotationSample.TEST_01(AnnotationSample.java:21)
	at java.util.concurrent.Executors$RunnableAdapter.call(Executors.java:511)
	at java.util.concurrent.FutureTask.run(FutureTask.java:266)
	at java.util.concurrent.ThreadPoolExecutor.runWorker(ThreadPoolExecutor.java:1142)
	at java.util.concurrent.ThreadPoolExecutor$Worker.run(ThreadPoolExecutor.java:617)
	at java.lang.Thread.run(Thread.java:745)
... Removed 7 stack frames]]>
    </failure>
  </testcase> <!-- TEST_01 -->
  <testcase name="TEST_03" time="0.012" classname="com.selenium.testng.basics.AnnotationSample"/>
</testsuite> <!-- to run groups -->
