<?xml version="1.0" encoding="UTF-8"?>
<!-- Generated by org.testng.reporters.JUnitXMLReporter -->
<testsuite hostname="Karthick" name="Default test" tests="5" failures="0" timestamp="4 Apr 2018 17:26:01 GMT" time="0.572" errors="0">
  <testcase name="X" time="0.019" classname="com.selenium.testng.basics.ParameterSamplesFromXL"/>
  <testcase name="X" time="0.001" classname="com.selenium.testng.basics.ParameterSamplesFromXL"/>
  <testcase name="X" time="0.002" classname="com.selenium.testng.basics.ParameterSamplesFromXL"/>
  <testcase name="X" time="0.005" classname="com.selenium.testng.basics.ParameterSamplesFromXL"/>
  <testcase name="X" time="0.002" classname="com.selenium.testng.basics.ParameterSamplesFromXL"/>
</testsuite> <!-- Default test -->
