<?xml version="1.0" encoding="UTF-8"?>
<testng-results skipped="2" failed="0" total="3" passed="1">
  <reporter-output>
  </reporter-output>
  <suite name="Basic Test Cases" duration-ms="14745" started-at="2018-04-05T16:49:18Z" finished-at="2018-04-05T16:49:33Z">
    <groups>
    </groups>
    <test name="t1" duration-ms="11013" started-at="2018-04-05T16:49:18Z" finished-at="2018-04-05T16:49:29Z">
      <class name="com.selenium.testng.basics.TestMultipleBrowserSamples">
        <test-method status="PASS" signature="x1(java.lang.String)[pri:0, instance:com.selenium.testng.basics.TestMultipleBrowserSamples@25618e91]" name="x1" is-config="true" duration-ms="9165" started-at="2018-04-05T22:19:18Z" finished-at="2018-04-05T22:19:27Z">
          <params>
            <param index="0">
              <value>
                <![CDATA[firefox]]>
              </value>
            </param>
          </params>
          <reporter-output>
          </reporter-output>
        </test-method> <!-- x1 -->
        <test-method status="PASS" signature="m1()[pri:0, instance:com.selenium.testng.basics.TestMultipleBrowserSamples@25618e91]" name="m1" duration-ms="240" started-at="2018-04-05T22:19:27Z" finished-at="2018-04-05T22:19:28Z">
          <reporter-output>
          </reporter-output>
        </test-method> <!-- m1 -->
        <test-method status="PASS" signature="y()[pri:0, instance:com.selenium.testng.basics.TestMultipleBrowserSamples@25618e91]" name="y" is-config="true" duration-ms="1588" started-at="2018-04-05T22:19:28Z" finished-at="2018-04-05T22:19:29Z">
          <reporter-output>
          </reporter-output>
        </test-method> <!-- y -->
      </class> <!-- com.selenium.testng.basics.TestMultipleBrowserSamples -->
    </test> <!-- t1 -->
    <test name="t2" duration-ms="3684" started-at="2018-04-05T16:49:29Z" finished-at="2018-04-05T16:49:33Z">
      <class name="com.selenium.testng.basics.TestMultipleBrowserSamples">
        <test-method status="FAIL" signature="x1(java.lang.String)[pri:0, instance:com.selenium.testng.basics.TestMultipleBrowserSamples@2b80d80f]" name="x1" is-config="true" duration-ms="0" started-at="2018-04-05T22:19:29Z" finished-at="2018-04-05T22:19:29Z">
          <params>
            <param index="0">
              <value>
                <![CDATA[chrome]]>
              </value>
            </param>
          </params>
          <exception class="org.openqa.selenium.WebDriverException">
            <message>
              <![CDATA[unknown error: Runtime.executionContextCreated has invalid 'context': {"auxData":{"frameId":"55A9E69E544139DE88583586AAE46C3","isDefault":true},"id":1,"name":"","origin":"://"}
  (Session info: chrome=65.0.3325.181)
  (Driver info: chromedriver=2.9.248315,platform=Windows NT 6.3 x86_64) (WARNING: The server did not provide any stacktrace information)
Command duration or timeout: 0 milliseconds
Build info: version: '3.8.1', revision: '6e95a6684b', time: '2017-12-01T19:05:14.666Z'
System info: host: 'KARTHICK', ip: '192.168.99.1', os.name: 'Windows 8.1', os.arch: 'amd64', os.version: '6.3', java.version: '1.8.0_73'
Driver info: org.openqa.selenium.chrome.ChromeDriver
Capabilities {acceptSslCerts: true, applicationCacheEnabled: false, browserConnectionEnabled: false, browserName: chrome, chrome: {userDataDir: C:\Users\KARTHI~1\AppData\L...}, cssSelectorsEnabled: true, databaseEnabled: false, handlesAlerts: true, javascriptEnabled: true, locationContextEnabled: true, nativeEvents: true, platform: XP, platformName: XP, rotatable: false, takesHeapSnapshot: true, takesScreenshot: true, version: 65.0.3325.181, webStorageEnabled: true}
Session ID: 716fdd5d2420b7443f16682d2707191b]]>
            </message>
            <full-stacktrace>
              <![CDATA[org.openqa.selenium.WebDriverException: unknown error: Runtime.executionContextCreated has invalid 'context': {"auxData":{"frameId":"55A9E69E544139DE88583586AAE46C3","isDefault":true},"id":1,"name":"","origin":"://"}
  (Session info: chrome=65.0.3325.181)
  (Driver info: chromedriver=2.9.248315,platform=Windows NT 6.3 x86_64) (WARNING: The server did not provide any stacktrace information)
Command duration or timeout: 0 milliseconds
Build info: version: '3.8.1', revision: '6e95a6684b', time: '2017-12-01T19:05:14.666Z'
System info: host: 'KARTHICK', ip: '192.168.99.1', os.name: 'Windows 8.1', os.arch: 'amd64', os.version: '6.3', java.version: '1.8.0_73'
Driver info: org.openqa.selenium.chrome.ChromeDriver
Capabilities {acceptSslCerts: true, applicationCacheEnabled: false, browserConnectionEnabled: false, browserName: chrome, chrome: {userDataDir: C:\Users\KARTHI~1\AppData\L...}, cssSelectorsEnabled: true, databaseEnabled: false, handlesAlerts: true, javascriptEnabled: true, locationContextEnabled: true, nativeEvents: true, platform: XP, platformName: XP, rotatable: false, takesHeapSnapshot: true, takesScreenshot: true, version: 65.0.3325.181, webStorageEnabled: true}
Session ID: 716fdd5d2420b7443f16682d2707191b
	at sun.reflect.NativeConstructorAccessorImpl.newInstance0(Native Method)
	at sun.reflect.NativeConstructorAccessorImpl.newInstance(NativeConstructorAccessorImpl.java:62)
	at sun.reflect.DelegatingConstructorAccessorImpl.newInstance(DelegatingConstructorAccessorImpl.java:45)
	at java.lang.reflect.Constructor.newInstance(Constructor.java:422)
	at org.openqa.selenium.remote.ErrorHandler.createThrowable(ErrorHandler.java:214)
	at org.openqa.selenium.remote.ErrorHandler.throwIfResponseFailed(ErrorHandler.java:166)
	at org.openqa.selenium.remote.http.JsonHttpResponseCodec.reconstructValue(JsonHttpResponseCodec.java:40)
	at org.openqa.selenium.remote.http.AbstractHttpResponseCodec.decode(AbstractHttpResponseCodec.java:80)
	at org.openqa.selenium.remote.http.AbstractHttpResponseCodec.decode(AbstractHttpResponseCodec.java:44)
	at org.openqa.selenium.remote.HttpCommandExecutor.execute(HttpCommandExecutor.java:164)
	at org.openqa.selenium.remote.service.DriverCommandExecutor.execute(DriverCommandExecutor.java:83)
	at org.openqa.selenium.remote.RemoteWebDriver.execute(RemoteWebDriver.java:601)
	at org.openqa.selenium.remote.RemoteWebDriver.get(RemoteWebDriver.java:325)
	at com.selenium.testng.basics.TestMultipleBrowserSamples.x1(TestMultipleBrowserSamples.java:26)
	at sun.reflect.NativeMethodAccessorImpl.invoke0(Native Method)
	at sun.reflect.NativeMethodAccessorImpl.invoke(NativeMethodAccessorImpl.java:62)
	at sun.reflect.DelegatingMethodAccessorImpl.invoke(DelegatingMethodAccessorImpl.java:43)
	at java.lang.reflect.Method.invoke(Method.java:497)
	at org.testng.internal.MethodInvocationHelper.invokeMethod(MethodInvocationHelper.java:85)
	at org.testng.internal.Invoker.invokeConfigurationMethod(Invoker.java:510)
	at org.testng.internal.Invoker.invokeConfigurations(Invoker.java:211)
	at org.testng.internal.Invoker.invokeConfigurations(Invoker.java:138)
	at org.testng.TestRunner.beforeRun(TestRunner.java:648)
	at org.testng.TestRunner.run(TestRunner.java:616)
	at org.testng.SuiteRunner.runTest(SuiteRunner.java:359)
	at org.testng.SuiteRunner.runSequentially(SuiteRunner.java:354)
	at org.testng.SuiteRunner.privateRun(SuiteRunner.java:312)
	at org.testng.SuiteRunner.run(SuiteRunner.java:261)
	at org.testng.SuiteRunnerWorker.runSuite(SuiteRunnerWorker.java:52)
	at org.testng.SuiteRunnerWorker.run(SuiteRunnerWorker.java:86)
	at org.testng.TestNG.runSuitesSequentially(TestNG.java:1215)
	at org.testng.TestNG.runSuitesLocally(TestNG.java:1140)
	at org.testng.TestNG.run(TestNG.java:1048)
	at org.testng.remote.RemoteTestNG.run(RemoteTestNG.java:112)
	at org.testng.remote.RemoteTestNG.initAndRun(RemoteTestNG.java:205)
	at org.testng.remote.RemoteTestNG.main(RemoteTestNG.java:176)
]]>
            </full-stacktrace>
          </exception> <!-- org.openqa.selenium.WebDriverException -->
          <reporter-output>
          </reporter-output>
        </test-method> <!-- x1 -->
        <test-method status="SKIP" signature="m1()[pri:0, instance:com.selenium.testng.basics.TestMultipleBrowserSamples@2b80d80f]" name="m1" duration-ms="1" started-at="2018-04-05T22:19:33Z" finished-at="2018-04-05T22:19:33Z">
          <reporter-output>
          </reporter-output>
        </test-method> <!-- m1 -->
        <test-method status="SKIP" signature="y()[pri:0, instance:com.selenium.testng.basics.TestMultipleBrowserSamples@2b80d80f]" name="y" is-config="true" duration-ms="0" started-at="2018-04-05T22:19:33Z" finished-at="2018-04-05T22:19:33Z">
          <reporter-output>
          </reporter-output>
        </test-method> <!-- y -->
      </class> <!-- com.selenium.testng.basics.TestMultipleBrowserSamples -->
    </test> <!-- t2 -->
    <test name="t3" duration-ms="5" started-at="2018-04-05T16:49:33Z" finished-at="2018-04-05T16:49:33Z">
      <class name="com.selenium.testng.basics.TestMultipleBrowserSamples">
        <test-method status="FAIL" signature="x1(java.lang.String)[pri:0, instance:com.selenium.testng.basics.TestMultipleBrowserSamples@6ea6d14e]" name="x1" is-config="true" duration-ms="0" started-at="2018-04-05T22:19:33Z" finished-at="2018-04-05T22:19:33Z">
          <params>
            <param index="0">
              <value>
                <![CDATA[ie]]>
              </value>
            </param>
          </params>
          <exception class="java.lang.NullPointerException">
            <full-stacktrace>
              <![CDATA[java.lang.NullPointerException
	at com.selenium.testng.basics.TestMultipleBrowserSamples.x1(TestMultipleBrowserSamples.java:26)
	at sun.reflect.NativeMethodAccessorImpl.invoke0(Native Method)
	at sun.reflect.NativeMethodAccessorImpl.invoke(NativeMethodAccessorImpl.java:62)
	at sun.reflect.DelegatingMethodAccessorImpl.invoke(DelegatingMethodAccessorImpl.java:43)
	at java.lang.reflect.Method.invoke(Method.java:497)
	at org.testng.internal.MethodInvocationHelper.invokeMethod(MethodInvocationHelper.java:85)
	at org.testng.internal.Invoker.invokeConfigurationMethod(Invoker.java:510)
	at org.testng.internal.Invoker.invokeConfigurations(Invoker.java:211)
	at org.testng.internal.Invoker.invokeConfigurations(Invoker.java:138)
	at org.testng.TestRunner.beforeRun(TestRunner.java:648)
	at org.testng.TestRunner.run(TestRunner.java:616)
	at org.testng.SuiteRunner.runTest(SuiteRunner.java:359)
	at org.testng.SuiteRunner.runSequentially(SuiteRunner.java:354)
	at org.testng.SuiteRunner.privateRun(SuiteRunner.java:312)
	at org.testng.SuiteRunner.run(SuiteRunner.java:261)
	at org.testng.SuiteRunnerWorker.runSuite(SuiteRunnerWorker.java:52)
	at org.testng.SuiteRunnerWorker.run(SuiteRunnerWorker.java:86)
	at org.testng.TestNG.runSuitesSequentially(TestNG.java:1215)
	at org.testng.TestNG.runSuitesLocally(TestNG.java:1140)
	at org.testng.TestNG.run(TestNG.java:1048)
	at org.testng.remote.RemoteTestNG.run(RemoteTestNG.java:112)
	at org.testng.remote.RemoteTestNG.initAndRun(RemoteTestNG.java:205)
	at org.testng.remote.RemoteTestNG.main(RemoteTestNG.java:176)
]]>
            </full-stacktrace>
          </exception> <!-- java.lang.NullPointerException -->
          <reporter-output>
          </reporter-output>
        </test-method> <!-- x1 -->
        <test-method status="SKIP" signature="m1()[pri:0, instance:com.selenium.testng.basics.TestMultipleBrowserSamples@6ea6d14e]" name="m1" duration-ms="1" started-at="2018-04-05T22:19:33Z" finished-at="2018-04-05T22:19:33Z">
          <reporter-output>
          </reporter-output>
        </test-method> <!-- m1 -->
        <test-method status="SKIP" signature="y()[pri:0, instance:com.selenium.testng.basics.TestMultipleBrowserSamples@6ea6d14e]" name="y" is-config="true" duration-ms="0" started-at="2018-04-05T22:19:33Z" finished-at="2018-04-05T22:19:33Z">
          <reporter-output>
          </reporter-output>
        </test-method> <!-- y -->
      </class> <!-- com.selenium.testng.basics.TestMultipleBrowserSamples -->
    </test> <!-- t3 -->
  </suite> <!-- Basic Test Cases -->
</testng-results>
